# JRE version: OpenJDK Runtime Environment (8.0_76-b03) (build 1.8.0_76-release-b03)
# Java VM: OpenJDK 64-Bit Server VM (25.76-b03 mixed mode linux-amd64 compressed oops)
Heap:
 PSYoungGen      total 398336K, used 66548K [0x00000000e0000000, 0x00000000fd900000, 0x0000000100000000)
  eden space 331776K, 0% used [0x00000000e0000000,0x00000000e0000000,0x00000000f4400000)
  from space 66560K, 99% used [0x00000000f9800000,0x00000000fd8fd1c0,0x00000000fd900000)
  to   space 53760K, 0% used [0x00000000f4400000,0x00000000f4400000,0x00000000f7880000)
 ParOldGen       total 231936K, used 114986K [0x00000000a0000000, 0x00000000ae280000, 0x00000000e0000000)
  object space 231936K, 49% used [0x00000000a0000000,0x00000000a704a900,0x00000000ae280000)
 Metaspace       used 69571K, capacity 72372K, committed 72576K, reserved 1112064K
  class space    used 8595K, capacity 9069K, committed 9088K, reserved 1048576K
GC Heap History (10 events):
Event: 692.754 GC heap after
Heap after GC invocations=59 (full 10):
 PSYoungGen      total 368640K, used 0K [0x00000000e0000000, 0x00000000fa280000, 0x0000000100000000)
  eden space 323584K, 0% used [0x00000000e0000000,0x00000000e0000000,0x00000000f3c00000)
  from space 45056K, 0% used [0x00000000f3c00000,0x00000000f3c00000,0x00000000f6800000)
  to   space 47104K, 0% used [0x00000000f7480000,0x00000000f7480000,0x00000000fa280000)
 ParOldGen       total 231936K, used 66709K [0x00000000a0000000, 0x00000000ae280000, 0x00000000e0000000)
  object space 231936K, 28% used [0x00000000a0000000,0x00000000a41257e0,0x00000000ae280000)
 Metaspace       used 68497K, capacity 70870K, committed 71168K, reserved 1112064K
  class space    used 8479K, capacity 8906K, committed 8960K, reserved 1048576K
}
Event: 739.678 GC heap before
{Heap before GC invocations=60 (full 10):
 PSYoungGen      total 368640K, used 323584K [0x00000000e0000000, 0x00000000fa280000, 0x0000000100000000)
  eden space 323584K, 100% used [0x00000000e0000000,0x00000000f3c00000,0x00000000f3c00000)
  from space 45056K, 0% used [0x00000000f3c00000,0x00000000f3c00000,0x00000000f6800000)
  to   space 47104K, 0% used [0x00000000f7480000,0x00000000f7480000,0x00000000fa280000)
 ParOldGen       total 231936K, used 66709K [0x00000000a0000000, 0x00000000ae280000, 0x00000000e0000000)
  object space 231936K, 28% used [0x00000000a0000000,0x00000000a41257e0,0x00000000ae280000)
 Metaspace       used 69021K, capacity 71778K, committed 72064K, reserved 1112064K
  class space    used 8531K, capacity 8996K, committed 9088K, reserved 1048576K
Event: 739.699 GC heap after
Heap after GC invocations=60 (full 10):
 PSYoungGen      total 374272K, used 15750K [0x00000000e0000000, 0x00000000f9c00000, 0x0000000100000000)
  eden space 333824K, 0% used [0x00000000e0000000,0x00000000e0000000,0x00000000f4600000)
  from space 40448K, 38% used [0x00000000f7480000,0x00000000f83e1900,0x00000000f9c00000)
  to   space 44032K, 0% used [0x00000000f4600000,0x00000000f4600000,0x00000000f7100000)
 ParOldGen       total 231936K, used 66717K [0x00000000a0000000, 0x00000000ae280000, 0x00000000e0000000)
  object space 231936K, 28% used [0x00000000a0000000,0x00000000a41277e0,0x00000000ae280000)
 Metaspace       used 69021K, capacity 71778K, committed 72064K, reserved 1112064K
  class space    used 8531K, capacity 8996K, committed 9088K, reserved 1048576K
}
Event: 742.452 GC heap before
{Heap before GC invocations=61 (full 10):
 PSYoungGen      total 374272K, used 349574K [0x00000000e0000000, 0x00000000f9c00000, 0x0000000100000000)
  eden space 333824K, 100% used [0x00000000e0000000,0x00000000f4600000,0x00000000f4600000)
  from space 40448K, 38% used [0x00000000f7480000,0x00000000f83e1900,0x00000000f9c00000)
  to   space 44032K, 0% used [0x00000000f4600000,0x00000000f4600000,0x00000000f7100000)
 ParOldGen       total 231936K, used 66718K [0x00000000a0000000, 0x00000000ae280000, 0x00000000e0000000)
  object space 231936K, 28% used [0x00000000a0000000,0x00000000a4127818,0x00000000ae280000)
 Metaspace       used 69553K, capacity 72372K, committed 72576K, reserved 1112064K
  class space    used 8595K, capacity 9069K, committed 9088K, reserved 1048576K
Event: 742.462 GC heap after
Heap after GC invocations=61 (full 10):
 PSYoungGen      total 377856K, used 8605K [0x00000000e0000000, 0x00000000fa280000, 0x0000000100000000)
  eden space 333824K, 0% used [0x00000000e0000000,0x00000000e0000000,0x00000000f4600000)
  from space 44032K, 19% used [0x00000000f4600000,0x00000000f4e677e8,0x00000000f7100000)
  to   space 43008K, 0% used [0x00000000f7880000,0x00000000f7880000,0x00000000fa280000)
 ParOldGen       total 231936K, used 66726K [0x00000000a0000000, 0x00000000ae280000, 0x00000000e0000000)
  object space 231936K, 28% used [0x00000000a0000000,0x00000000a4129818,0x00000000ae280000)
 Metaspace       used 69553K, capacity 72372K, committed 72576K, reserved 1112064K
  class space    used 8595K, capacity 9069K, committed 9088K, reserved 1048576K
}
Event: 743.183 GC heap before
{Heap before GC invocations=62 (full 10):
 PSYoungGen      total 377856K, used 342429K [0x00000000e0000000, 0x00000000fa280000, 0x0000000100000000)
  eden space 333824K, 100% used [0x00000000e0000000,0x00000000f4600000,0x00000000f4600000)
  from space 44032K, 19% used [0x00000000f4600000,0x00000000f4e677e8,0x00000000f7100000)
  to   space 43008K, 0% used [0x00000000f7880000,0x00000000f7880000,0x00000000fa280000)
 ParOldGen       total 231936K, used 66727K [0x00000000a0000000, 0x00000000ae280000, 0x00000000e0000000)
  object space 231936K, 28% used [0x00000000a0000000,0x00000000a4129f58,0x00000000ae280000)
 Metaspace       used 69555K, capacity 72372K, committed 72576K, reserved 1112064K
  class space    used 8595K, capacity 9069K, committed 9088K, reserved 1048576K
Event: 743.251 GC heap after
Heap after GC invocations=62 (full 10):
 PSYoungGen      total 374784K, used 43003K [0x00000000e0000000, 0x00000000fc000000, 0x0000000100000000)
  eden space 331776K, 0% used [0x00000000e0000000,0x00000000e0000000,0x00000000f4400000)
  from space 43008K, 99% used [0x00000000f7880000,0x00000000fa27efd8,0x00000000fa280000)
  to   space 53760K, 0% used [0x00000000f4400000,0x00000000f4400000,0x00000000f7880000)
 ParOldGen       total 231936K, used 75996K [0x00000000a0000000, 0x00000000ae280000, 0x00000000e0000000)
  object space 231936K, 32% used [0x00000000a0000000,0x00000000a4a37130,0x00000000ae280000)
 Metaspace       used 69555K, capacity 72372K, committed 72576K, reserved 1112064K
  class space    used 8595K, capacity 9069K, committed 9088K, reserved 1048576K
}
Event: 744.092 GC heap before
{Heap before GC invocations=63 (full 10):
 PSYoungGen      total 374784K, used 374779K [0x00000000e0000000, 0x00000000fc000000, 0x0000000100000000)
  eden space 331776K, 100% used [0x00000000e0000000,0x00000000f4400000,0x00000000f4400000)
  from space 43008K, 99% used [0x00000000f7880000,0x00000000fa27efd8,0x00000000fa280000)
  to   space 53760K, 0% used [0x00000000f4400000,0x00000000f4400000,0x00000000f7880000)
 ParOldGen       total 231936K, used 75996K [0x00000000a0000000, 0x00000000ae280000, 0x00000000e0000000)
  object space 231936K, 32% used [0x00000000a0000000,0x00000000a4a37130,0x00000000ae280000)
 Metaspace       used 69559K, capacity 72372K, committed 72576K, reserved 1112064K
  class space    used 8595K, capacity 9069K, committed 9088K, reserved 1048576K
Event: 744.153 GC heap after
Heap after GC invocations=63 (full 10):
 PSYoungGen      total 385536K, used 53735K [0x00000000e0000000, 0x00000000fd900000, 0x0000000100000000)
  eden space 331776K, 0% used [0x00000000e0000000,0x00000000e0000000,0x00000000f4400000)
  from space 53760K, 99% used [0x00000000f4400000,0x00000000f7879e80,0x00000000f7880000)
  to   space 66560K, 0% used [0x00000000f9800000,0x00000000f9800000,0x00000000fd900000)
 ParOldGen       total 231936K, used 86045K [0x00000000a0000000, 0x00000000ae280000, 0x00000000e0000000)
  object space 231936K, 37% used [0x00000000a0000000,0x00000000a5407478,0x00000000ae280000)
 Metaspace       used 69559K, capacity 72372K, committed 72576K, reserved 1112064K
  class space    used 8595K, capacity 9069K, committed 9088K, reserved 1048576K
}
Event: 744.972 GC heap before
{Heap before GC invocations=64 (full 10):
 PSYoungGen      total 385536K, used 385511K [0x00000000e0000000, 0x00000000fd900000, 0x0000000100000000)
  eden space 331776K, 100% used [0x00000000e0000000,0x00000000f4400000,0x00000000f4400000)
  from space 53760K, 99% used [0x00000000f4400000,0x00000000f7879e80,0x00000000f7880000)
  to   space 66560K, 0% used [0x00000000f9800000,0x00000000f9800000,0x00000000fd900000)
 ParOldGen       total 231936K, used 86045K [0x00000000a0000000, 0x00000000ae280000, 0x00000000e0000000)
  object space 231936K, 37% used [0x00000000a0000000,0x00000000a5407478,0x00000000ae280000)
 Metaspace       used 69571K, capacity 72372K, committed 72576K, reserved 1112064K
  class space    used 8595K, capacity 9069K, committed 9088K, reserved 1048576K

