# JRE version: OpenJDK Runtime Environment (8.0_76-b03) (build 1.8.0_76-release-b03)
# Java VM: OpenJDK 64-Bit Server VM (25.76-b03 mixed mode linux-amd64 compressed oops)
Heap:
 PSYoungGen      total 477696K, used 12762K [0x00000000e0000000, 0x0000000100000000, 0x0000000100000000)
  eden space 431104K, 0% used [0x00000000e0000000,0x00000000e0000000,0x00000000fa500000)
  from space 46592K, 27% used [0x00000000fa500000,0x00000000fb176930,0x00000000fd280000)
  to   space 46592K, 0% used [0x00000000fd280000,0x00000000fd280000,0x0000000100000000)
 ParOldGen       total 129536K, used 129273K [0x00000000a0000000, 0x00000000a7e80000, 0x00000000e0000000)
  object space 129536K, 99% used [0x00000000a0000000,0x00000000a7e3e778,0x00000000a7e80000)
 Metaspace       used 82808K, capacity 88838K, committed 88960K, reserved 1126400K
  class space    used 10621K, capacity 11618K, committed 11648K, reserved 1048576K
GC Heap History (10 events):
Event: 3279.173 GC heap after
Heap after GC invocations=30 (full 9):
 PSYoungGen      total 434688K, used 0K [0x00000000e0000000, 0x00000000fd900000, 0x0000000100000000)
  eden space 415744K, 0% used [0x00000000e0000000,0x00000000e0000000,0x00000000f9600000)
  from space 18944K, 0% used [0x00000000f9600000,0x00000000f9600000,0x00000000fa880000)
  to   space 34304K, 0% used [0x00000000fb780000,0x00000000fb780000,0x00000000fd900000)
 ParOldGen       total 121344K, used 73114K [0x00000000a0000000, 0x00000000a7680000, 0x00000000e0000000)
  object space 121344K, 60% used [0x00000000a0000000,0x00000000a4766b60,0x00000000a7680000)
 Metaspace       used 80592K, capacity 85584K, committed 86656K, reserved 1124352K
  class space    used 10358K, capacity 11217K, committed 11392K, reserved 1048576K
}
Event: 3376.241 GC heap before
{Heap before GC invocations=31 (full 9):
 PSYoungGen      total 434688K, used 415744K [0x00000000e0000000, 0x00000000fd900000, 0x0000000100000000)
  eden space 415744K, 100% used [0x00000000e0000000,0x00000000f9600000,0x00000000f9600000)
  from space 18944K, 0% used [0x00000000f9600000,0x00000000f9600000,0x00000000fa880000)
  to   space 34304K, 0% used [0x00000000fb780000,0x00000000fb780000,0x00000000fd900000)
 ParOldGen       total 121344K, used 73114K [0x00000000a0000000, 0x00000000a7680000, 0x00000000e0000000)
  object space 121344K, 60% used [0x00000000a0000000,0x00000000a4766b60,0x00000000a7680000)
 Metaspace       used 81508K, capacity 87466K, committed 88192K, reserved 1126400K
  class space    used 10517K, capacity 11494K, committed 11648K, reserved 1048576K
Event: 3376.279 GC heap after
Heap after GC invocations=31 (full 9):
 PSYoungGen      total 451072K, used 9184K [0x00000000e0000000, 0x0000000100000000, 0x0000000100000000)
  eden space 416768K, 0% used [0x00000000e0000000,0x00000000e0000000,0x00000000f9700000)
  from space 34304K, 26% used [0x00000000fb780000,0x00000000fc078020,0x00000000fd900000)
  to   space 33280K, 0% used [0x00000000f9700000,0x00000000f9700000,0x00000000fb780000)
 ParOldGen       total 121344K, used 73122K [0x00000000a0000000, 0x00000000a7680000, 0x00000000e0000000)
  object space 121344K, 60% used [0x00000000a0000000,0x00000000a4768b60,0x00000000a7680000)
 Metaspace       used 81508K, capacity 87466K, committed 88192K, reserved 1126400K
  class space    used 10517K, capacity 11494K, committed 11648K, reserved 1048576K
}
Event: 3391.536 GC heap before
{Heap before GC invocations=32 (full 9):
 PSYoungGen      total 451072K, used 425239K [0x00000000e0000000, 0x0000000100000000, 0x0000000100000000)
  eden space 416768K, 99% used [0x00000000e0000000,0x00000000f964dcc0,0x00000000f9700000)
  from space 34304K, 26% used [0x00000000fb780000,0x00000000fc078020,0x00000000fd900000)
  to   space 33280K, 0% used [0x00000000f9700000,0x00000000f9700000,0x00000000fb780000)
 ParOldGen       total 121344K, used 73122K [0x00000000a0000000, 0x00000000a7680000, 0x00000000e0000000)
  object space 121344K, 60% used [0x00000000a0000000,0x00000000a4768b60,0x00000000a7680000)
 Metaspace       used 81939K, capacity 87978K, committed 88192K, reserved 1126400K
  class space    used 10541K, capacity 11544K, committed 11648K, reserved 1048576K
Event: 3391.607 GC heap after
Heap after GC invocations=32 (full 9):
 PSYoungGen      total 450048K, used 9328K [0x00000000e0000000, 0x00000000ffe00000, 0x0000000100000000)
  eden space 416768K, 0% used [0x00000000e0000000,0x00000000e0000000,0x00000000f9700000)
  from space 33280K, 28% used [0x00000000f9700000,0x00000000fa01c010,0x00000000fb780000)
  to   space 32768K, 0% used [0x00000000fde00000,0x00000000fde00000,0x00000000ffe00000)
 ParOldGen       total 121344K, used 73130K [0x00000000a0000000, 0x00000000a7680000, 0x00000000e0000000)
  object space 121344K, 60% used [0x00000000a0000000,0x00000000a476ab60,0x00000000a7680000)
 Metaspace       used 81939K, capacity 87978K, committed 88192K, reserved 1126400K
  class space    used 10541K, capacity 11544K, committed 11648K, reserved 1048576K
}
Event: 3396.803 GC heap before
{Heap before GC invocations=33 (full 9):
 PSYoungGen      total 450048K, used 426096K [0x00000000e0000000, 0x00000000ffe00000, 0x0000000100000000)
  eden space 416768K, 100% used [0x00000000e0000000,0x00000000f9700000,0x00000000f9700000)
  from space 33280K, 28% used [0x00000000f9700000,0x00000000fa01c010,0x00000000fb780000)
  to   space 32768K, 0% used [0x00000000fde00000,0x00000000fde00000,0x00000000ffe00000)
 ParOldGen       total 121344K, used 73130K [0x00000000a0000000, 0x00000000a7680000, 0x00000000e0000000)
  object space 121344K, 60% used [0x00000000a0000000,0x00000000a476ab60,0x00000000a7680000)
 Metaspace       used 82541K, capacity 88582K, committed 88704K, reserved 1126400K
  class space    used 10618K, capacity 11618K, committed 11648K, reserved 1048576K
Event: 3397.333 GC heap after
Heap after GC invocations=33 (full 9):
 PSYoungGen      total 463872K, used 32737K [0x00000000e0000000, 0x0000000100000000, 0x0000000100000000)
  eden space 431104K, 0% used [0x00000000e0000000,0x00000000e0000000,0x00000000fa500000)
  from space 32768K, 99% used [0x00000000fde00000,0x00000000ffdf8580,0x00000000ffe00000)
  to   space 46592K, 0% used [0x00000000fa500000,0x00000000fa500000,0x00000000fd280000)
 ParOldGen       total 121344K, used 98107K [0x00000000a0000000, 0x00000000a7680000, 0x00000000e0000000)
  object space 121344K, 80% used [0x00000000a0000000,0x00000000a5fcefb8,0x00000000a7680000)
 Metaspace       used 82541K, capacity 88582K, committed 88704K, reserved 1126400K
  class space    used 10618K, capacity 11618K, committed 11648K, reserved 1048576K
}
Event: 3398.688 GC heap before
{Heap before GC invocations=34 (full 9):
 PSYoungGen      total 463872K, used 463841K [0x00000000e0000000, 0x0000000100000000, 0x0000000100000000)
  eden space 431104K, 100% used [0x00000000e0000000,0x00000000fa500000,0x00000000fa500000)
  from space 32768K, 99% used [0x00000000fde00000,0x00000000ffdf8580,0x00000000ffe00000)
  to   space 46592K, 0% used [0x00000000fa500000,0x00000000fa500000,0x00000000fd280000)
 ParOldGen       total 121344K, used 98107K [0x00000000a0000000, 0x00000000a7680000, 0x00000000e0000000)
  object space 121344K, 80% used [0x00000000a0000000,0x00000000a5fcefb8,0x00000000a7680000)
 Metaspace       used 82808K, capacity 88838K, committed 88960K, reserved 1126400K
  class space    used 10621K, capacity 11618K, committed 11648K, reserved 1048576K
Event: 3398.979 GC heap after
Heap after GC invocations=34 (full 9):
 PSYoungGen      total 477696K, used 46586K [0x00000000e0000000, 0x0000000100000000, 0x0000000100000000)
  eden space 431104K, 0% used [0x00000000e0000000,0x00000000e0000000,0x00000000fa500000)
  from space 46592K, 99% used [0x00000000fa500000,0x00000000fd27eac8,0x00000000fd280000)
  to   space 46592K, 0% used [0x00000000fd280000,0x00000000fd280000,0x0000000100000000)
 ParOldGen       total 129536K, used 129031K [0x00000000a0000000, 0x00000000a7e80000, 0x00000000e0000000)
  object space 129536K, 99% used [0x00000000a0000000,0x00000000a7e01de8,0x00000000a7e80000)
 Metaspace       used 82808K, capacity 88838K, committed 88960K, reserved 1126400K
  class space    used 10621K, capacity 11618K, committed 11648K, reserved 1048576K
}
Event: 3399.702 GC heap before
{Heap before GC invocations=35 (full 10):
 PSYoungGen      total 477696K, used 46586K [0x00000000e0000000, 0x0000000100000000, 0x0000000100000000)
  eden space 431104K, 0% used [0x00000000e0000000,0x00000000e0000000,0x00000000fa500000)
  from space 46592K, 99% used [0x00000000fa500000,0x00000000fd27eac8,0x00000000fd280000)
  to   space 46592K, 0% used [0x00000000fd280000,0x00000000fd280000,0x0000000100000000)
 ParOldGen       total 129536K, used 129031K [0x00000000a0000000, 0x00000000a7e80000, 0x00000000e0000000)
  object space 129536K, 99% used [0x00000000a0000000,0x00000000a7e01de8,0x00000000a7e80000)
 Metaspace       used 82808K, capacity 88838K, committed 88960K, reserved 1126400K
  class space    used 10621K, capacity 11618K, committed 11648K, reserved 1048576K

